[1.067s] Invoking command in '/lab1_ws/src/lab1_pkg': PYTHONPATH=/lab1_ws/src/build/lab1_pkg/prefix_override:/lab1_ws/src/install/lab1_pkg/lib/python3.8/site-packages:${PYTHONPATH} /usr/bin/python3 setup.py egg_info --egg-base ../build/lab1_pkg build --build-base /lab1_ws/src/build/lab1_pkg/build install --record /lab1_ws/src/build/lab1_pkg/install.log --install-scripts $base/lib/lab1_pkg --single-version-externally-managed
[1.274s] running egg_info
[1.275s] creating ../build/lab1_pkg/lab1_pkg.egg-info
[1.275s] writing ../build/lab1_pkg/lab1_pkg.egg-info/PKG-INFO
[1.275s] writing dependency_links to ../build/lab1_pkg/lab1_pkg.egg-info/dependency_links.txt
[1.275s] writing entry points to ../build/lab1_pkg/lab1_pkg.egg-info/entry_points.txt
[1.275s] writing requirements to ../build/lab1_pkg/lab1_pkg.egg-info/requires.txt
[1.275s] writing top-level names to ../build/lab1_pkg/lab1_pkg.egg-info/top_level.txt
[1.277s] writing manifest file '../build/lab1_pkg/lab1_pkg.egg-info/SOURCES.txt'
[1.306s] reading manifest file '../build/lab1_pkg/lab1_pkg.egg-info/SOURCES.txt'
[1.307s] writing manifest file '../build/lab1_pkg/lab1_pkg.egg-info/SOURCES.txt'
[1.307s] running build
[1.307s] running build_py
[1.310s] creating /lab1_ws/src/build/lab1_pkg/build
[1.314s] creating /lab1_ws/src/build/lab1_pkg/build/lib
[1.314s] creating /lab1_ws/src/build/lab1_pkg/build/lib/lab1_pkg
[1.316s] copying lab1_pkg/relay.py -> /lab1_ws/src/build/lab1_pkg/build/lib/lab1_pkg
[1.330s] copying lab1_pkg/__init__.py -> /lab1_ws/src/build/lab1_pkg/build/lib/lab1_pkg
[1.330s] copying lab1_pkg/lab1_launch.py -> /lab1_ws/src/build/lab1_pkg/build/lib/lab1_pkg
[1.330s] copying lab1_pkg/talker.py -> /lab1_ws/src/build/lab1_pkg/build/lib/lab1_pkg
[1.330s] running install
[1.330s] running install_lib
[1.331s] creating /lab1_ws/src/install/lab1_pkg/lib/python3.8/site-packages/lab1_pkg
[1.331s] copying /lab1_ws/src/build/lab1_pkg/build/lib/lab1_pkg/relay.py -> /lab1_ws/src/install/lab1_pkg/lib/python3.8/site-packages/lab1_pkg
[1.331s] copying /lab1_ws/src/build/lab1_pkg/build/lib/lab1_pkg/__init__.py -> /lab1_ws/src/install/lab1_pkg/lib/python3.8/site-packages/lab1_pkg
[1.331s] copying /lab1_ws/src/build/lab1_pkg/build/lib/lab1_pkg/lab1_launch.py -> /lab1_ws/src/install/lab1_pkg/lib/python3.8/site-packages/lab1_pkg
[1.331s] copying /lab1_ws/src/build/lab1_pkg/build/lib/lab1_pkg/talker.py -> /lab1_ws/src/install/lab1_pkg/lib/python3.8/site-packages/lab1_pkg
[1.331s] byte-compiling /lab1_ws/src/install/lab1_pkg/lib/python3.8/site-packages/lab1_pkg/relay.py to relay.cpython-38.pyc
[1.331s] byte-compiling /lab1_ws/src/install/lab1_pkg/lib/python3.8/site-packages/lab1_pkg/__init__.py to __init__.cpython-38.pyc
[1.331s] byte-compiling /lab1_ws/src/install/lab1_pkg/lib/python3.8/site-packages/lab1_pkg/lab1_launch.py to lab1_launch.cpython-38.pyc
[1.331s] byte-compiling /lab1_ws/src/install/lab1_pkg/lib/python3.8/site-packages/lab1_pkg/talker.py to talker.cpython-38.pyc
[1.331s] running install_data
[1.331s] creating /lab1_ws/src/install/lab1_pkg/share/ament_index
[1.331s] creating /lab1_ws/src/install/lab1_pkg/share/ament_index/resource_index
[1.331s] creating /lab1_ws/src/install/lab1_pkg/share/ament_index/resource_index/packages
[1.331s] copying resource/lab1_pkg -> /lab1_ws/src/install/lab1_pkg/share/ament_index/resource_index/packages
[1.331s] copying package.xml -> /lab1_ws/src/install/lab1_pkg/share/lab1_pkg
[1.331s] running install_egg_info
[1.331s] Copying ../build/lab1_pkg/lab1_pkg.egg-info to /lab1_ws/src/install/lab1_pkg/lib/python3.8/site-packages/lab1_pkg-0.0.0-py3.8.egg-info
[1.331s] running install_scripts
[1.367s] Installing relay script to /lab1_ws/src/install/lab1_pkg/lib/lab1_pkg
[1.367s] Installing talker script to /lab1_ws/src/install/lab1_pkg/lib/lab1_pkg
[1.367s] writing list of installed files to '/lab1_ws/src/build/lab1_pkg/install.log'
[1.399s] Invoked command in '/lab1_ws/src/lab1_pkg' returned '0': PYTHONPATH=/lab1_ws/src/build/lab1_pkg/prefix_override:/lab1_ws/src/install/lab1_pkg/lib/python3.8/site-packages:${PYTHONPATH} /usr/bin/python3 setup.py egg_info --egg-base ../build/lab1_pkg build --build-base /lab1_ws/src/build/lab1_pkg/build install --record /lab1_ws/src/build/lab1_pkg/install.log --install-scripts $base/lib/lab1_pkg --single-version-externally-managed
