[0.307s] DEBUG:colcon:Command line arguments: ['/usr/bin/colcon', 'build']
[0.307s] DEBUG:colcon:Parsed command line arguments: Namespace(ament_cmake_args=None, base_paths=['.'], build_base='build', catkin_cmake_args=None, catkin_skip_building_tests=False, cmake_args=None, cmake_clean_cache=False, cmake_clean_first=False, cmake_force_configure=False, cmake_target=None, cmake_target_skip_unavailable=False, continue_on_error=False, event_handlers=None, executor='parallel', ignore_user_meta=False, install_base='install', log_base=None, log_level=None, main=<bound method BuildVerb.main of <colcon_core.verb.build.BuildVerb object at 0x71f05bc67640>>, merge_install=False, metas=['./colcon.meta'], mixin=None, mixin_files=None, mixin_verb=('build',), packages_above=None, packages_above_and_dependencies=None, packages_above_depth=None, packages_end=None, packages_ignore=None, packages_ignore_regex=None, packages_select=None, packages_select_build_failed=False, packages_select_by_dep=None, packages_select_regex=None, packages_select_test_failures=False, packages_skip=None, packages_skip_build_finished=False, packages_skip_by_dep=None, packages_skip_regex=None, packages_skip_test_passed=False, packages_skip_up_to=None, packages_start=None, packages_up_to=None, packages_up_to_regex=None, parallel_workers=7, paths=None, symlink_install=False, test_result_base=None, verb_extension=<colcon_core.verb.build.BuildVerb object at 0x71f05bc67640>, verb_name='build', verb_parser=<colcon_mixin.mixin.mixin_argument.MixinArgumentDecorator object at 0x71f05bc67ca0>)
[0.334s] Level 1:colcon.colcon_core.package_discovery:discover_packages(colcon_meta) check parameters
[0.335s] INFO:colcon.colcon_metadata.package_discovery.colcon_meta:Using configuration from '/root/.colcon/metadata/default/Gazebo.meta'
[0.335s] INFO:colcon.colcon_metadata.package_discovery.colcon_meta:Using configuration from '/root/.colcon/metadata/default/fastrtps.meta'
[0.335s] Level 1:colcon.colcon_core.package_discovery:discover_packages(recursive) check parameters
[0.335s] Level 1:colcon.colcon_core.package_discovery:discover_packages(ignore) check parameters
[0.335s] Level 1:colcon.colcon_core.package_discovery:discover_packages(path) check parameters
[0.335s] Level 1:colcon.colcon_core.package_discovery:discover_packages(colcon_meta) discover
[0.335s] Level 1:colcon.colcon_core.package_discovery:discover_packages(recursive) discover
[0.335s] INFO:colcon.colcon_core.package_discovery:Crawling recursively for packages in '/lab1_ws/src'
[0.336s] Level 1:colcon.colcon_core.package_identification:_identify(.) by extensions ['ignore', 'ignore_ament_install']
[0.336s] Level 1:colcon.colcon_core.package_identification:_identify(.) by extension 'ignore'
[0.336s] Level 1:colcon.colcon_core.package_identification:_identify(.) by extension 'ignore_ament_install'
[0.336s] Level 1:colcon.colcon_core.package_identification:_identify(.) by extensions ['colcon_pkg']
[0.336s] Level 1:colcon.colcon_core.package_identification:_identify(.) by extension 'colcon_pkg'
[0.336s] Level 1:colcon.colcon_core.package_identification:_identify(.) by extensions ['colcon_meta']
[0.336s] Level 1:colcon.colcon_core.package_identification:_identify(.) by extension 'colcon_meta'
[0.336s] Level 1:colcon.colcon_core.package_identification:_identify(.) by extensions ['ros']
[0.336s] Level 1:colcon.colcon_core.package_identification:_identify(.) by extension 'ros'
[0.347s] Level 1:colcon.colcon_core.package_identification:_identify(.) by extensions ['cmake', 'python']
[0.347s] Level 1:colcon.colcon_core.package_identification:_identify(.) by extension 'cmake'
[0.347s] Level 1:colcon.colcon_core.package_identification:_identify(.) by extension 'python'
[0.347s] Level 1:colcon.colcon_core.package_identification:_identify(.) by extensions ['python_setup_py']
[0.347s] Level 1:colcon.colcon_core.package_identification:_identify(.) by extension 'python_setup_py'
[0.347s] Level 1:colcon.colcon_core.package_identification:_identify(__pycache__) by extensions ['ignore', 'ignore_ament_install']
[0.347s] Level 1:colcon.colcon_core.package_identification:_identify(__pycache__) by extension 'ignore'
[0.347s] Level 1:colcon.colcon_core.package_identification:_identify(__pycache__) by extension 'ignore_ament_install'
[0.347s] Level 1:colcon.colcon_core.package_identification:_identify(__pycache__) by extensions ['colcon_pkg']
[0.347s] Level 1:colcon.colcon_core.package_identification:_identify(__pycache__) by extension 'colcon_pkg'
[0.347s] Level 1:colcon.colcon_core.package_identification:_identify(__pycache__) by extensions ['colcon_meta']
[0.347s] Level 1:colcon.colcon_core.package_identification:_identify(__pycache__) by extension 'colcon_meta'
[0.347s] Level 1:colcon.colcon_core.package_identification:_identify(__pycache__) by extensions ['ros']
[0.347s] Level 1:colcon.colcon_core.package_identification:_identify(__pycache__) by extension 'ros'
[0.347s] Level 1:colcon.colcon_core.package_identification:_identify(__pycache__) by extensions ['cmake', 'python']
[0.347s] Level 1:colcon.colcon_core.package_identification:_identify(__pycache__) by extension 'cmake'
[0.347s] Level 1:colcon.colcon_core.package_identification:_identify(__pycache__) by extension 'python'
[0.347s] Level 1:colcon.colcon_core.package_identification:_identify(__pycache__) by extensions ['python_setup_py']
[0.347s] Level 1:colcon.colcon_core.package_identification:_identify(__pycache__) by extension 'python_setup_py'
[0.347s] Level 1:colcon.colcon_core.package_identification:_identify(build) by extensions ['ignore', 'ignore_ament_install']
[0.348s] Level 1:colcon.colcon_core.package_identification:_identify(build) by extension 'ignore'
[0.348s] Level 1:colcon.colcon_core.package_identification:_identify(build) ignored
[0.348s] Level 1:colcon.colcon_core.package_identification:_identify(install) by extensions ['ignore', 'ignore_ament_install']
[0.348s] Level 1:colcon.colcon_core.package_identification:_identify(install) by extension 'ignore'
[0.348s] Level 1:colcon.colcon_core.package_identification:_identify(install) ignored
[0.348s] Level 1:colcon.colcon_core.package_identification:_identify(lab1_pkg) by extensions ['ignore', 'ignore_ament_install']
[0.348s] Level 1:colcon.colcon_core.package_identification:_identify(lab1_pkg) by extension 'ignore'
[0.348s] Level 1:colcon.colcon_core.package_identification:_identify(lab1_pkg) by extension 'ignore_ament_install'
[0.348s] Level 1:colcon.colcon_core.package_identification:_identify(lab1_pkg) by extensions ['colcon_pkg']
[0.348s] Level 1:colcon.colcon_core.package_identification:_identify(lab1_pkg) by extension 'colcon_pkg'
[0.348s] Level 1:colcon.colcon_core.package_identification:_identify(lab1_pkg) by extensions ['colcon_meta']
[0.348s] Level 1:colcon.colcon_core.package_identification:_identify(lab1_pkg) by extension 'colcon_meta'
[0.348s] Level 1:colcon.colcon_core.package_identification:_identify(lab1_pkg) by extensions ['ros']
[0.348s] Level 1:colcon.colcon_core.package_identification:_identify(lab1_pkg) by extension 'ros'
[0.357s] DEBUG:colcon.colcon_core.package_identification:Package 'lab1_pkg' with type 'ros.ament_python' and name 'lab1_pkg'
[0.357s] Level 1:colcon.colcon_core.package_identification:_identify(log) by extensions ['ignore', 'ignore_ament_install']
[0.357s] Level 1:colcon.colcon_core.package_identification:_identify(log) by extension 'ignore'
[0.357s] Level 1:colcon.colcon_core.package_identification:_identify(log) ignored
[0.357s] Level 1:colcon.colcon_core.package_discovery:discover_packages(recursive) using defaults
[0.357s] Level 1:colcon.colcon_core.package_discovery:discover_packages(ignore) discover
[0.357s] Level 1:colcon.colcon_core.package_discovery:discover_packages(ignore) using defaults
[0.357s] Level 1:colcon.colcon_core.package_discovery:discover_packages(path) discover
[0.357s] Level 1:colcon.colcon_core.package_discovery:discover_packages(path) using defaults
[0.375s] Level 5:colcon.colcon_core.verb:set package 'lab1_pkg' build argument 'cmake_args' from command line to 'None'
[0.375s] Level 5:colcon.colcon_core.verb:set package 'lab1_pkg' build argument 'cmake_target' from command line to 'None'
[0.375s] Level 5:colcon.colcon_core.verb:set package 'lab1_pkg' build argument 'cmake_target_skip_unavailable' from command line to 'False'
[0.375s] Level 5:colcon.colcon_core.verb:set package 'lab1_pkg' build argument 'cmake_clean_cache' from command line to 'False'
[0.375s] Level 5:colcon.colcon_core.verb:set package 'lab1_pkg' build argument 'cmake_clean_first' from command line to 'False'
[0.375s] Level 5:colcon.colcon_core.verb:set package 'lab1_pkg' build argument 'cmake_force_configure' from command line to 'False'
[0.375s] Level 5:colcon.colcon_core.verb:set package 'lab1_pkg' build argument 'ament_cmake_args' from command line to 'None'
[0.375s] Level 5:colcon.colcon_core.verb:set package 'lab1_pkg' build argument 'catkin_cmake_args' from command line to 'None'
[0.375s] Level 5:colcon.colcon_core.verb:set package 'lab1_pkg' build argument 'catkin_skip_building_tests' from command line to 'False'
[0.375s] DEBUG:colcon.colcon_core.verb:Building package 'lab1_pkg' with the following arguments: {'ament_cmake_args': None, 'build_base': '/lab1_ws/src/build/lab1_pkg', 'catkin_cmake_args': None, 'catkin_skip_building_tests': False, 'cmake_args': None, 'cmake_clean_cache': False, 'cmake_clean_first': False, 'cmake_force_configure': False, 'cmake_target': None, 'cmake_target_skip_unavailable': False, 'install_base': '/lab1_ws/src/install/lab1_pkg', 'merge_install': False, 'path': '/lab1_ws/src/lab1_pkg', 'symlink_install': False, 'test_result_base': None}
[0.376s] INFO:colcon.colcon_core.executor:Executing jobs using 'parallel' executor
[0.380s] DEBUG:colcon.colcon_parallel_executor.executor.parallel:run_until_complete
[0.380s] INFO:colcon.colcon_ros.task.ament_python.build:Building ROS package in '/lab1_ws/src/lab1_pkg' with build type 'ament_python'
[0.380s] Level 1:colcon.colcon_core.shell:create_environment_hook('lab1_pkg', 'ament_prefix_path')
[0.386s] INFO:colcon.colcon_core.plugin_system:Skipping extension 'colcon_core.shell.bat': Not used on non-Windows systems
[0.386s] INFO:colcon.colcon_core.shell:Creating environment hook '/lab1_ws/src/install/lab1_pkg/share/lab1_pkg/hook/ament_prefix_path.ps1'
[0.388s] INFO:colcon.colcon_core.shell:Creating environment descriptor '/lab1_ws/src/install/lab1_pkg/share/lab1_pkg/hook/ament_prefix_path.dsv'
[0.389s] INFO:colcon.colcon_core.shell:Creating environment hook '/lab1_ws/src/install/lab1_pkg/share/lab1_pkg/hook/ament_prefix_path.sh'
[0.394s] INFO:colcon.colcon_core.shell:Skip shell extension 'powershell' for command environment: Not usable outside of PowerShell
[0.394s] DEBUG:colcon.colcon_core.shell:Skip shell extension 'dsv' for command environment
[0.771s] INFO:colcon.colcon_core.task.python.build:Building Python package in '/lab1_ws/src/lab1_pkg'
[0.773s] INFO:colcon.colcon_core.shell:Skip shell extension 'powershell' for command environment: Not usable outside of PowerShell
[0.774s] DEBUG:colcon.colcon_core.shell:Skip shell extension 'dsv' for command environment
[1.452s] DEBUG:colcon.colcon_core.event_handler.log_command:Invoking command in '/lab1_ws/src/lab1_pkg': PYTHONPATH=/lab1_ws/src/build/lab1_pkg/prefix_override:/lab1_ws/src/install/lab1_pkg/lib/python3.8/site-packages:${PYTHONPATH} /usr/bin/python3 setup.py egg_info --egg-base ../build/lab1_pkg build --build-base /lab1_ws/src/build/lab1_pkg/build install --record /lab1_ws/src/build/lab1_pkg/install.log --install-scripts $base/lib/lab1_pkg --single-version-externally-managed
[1.784s] DEBUG:colcon.colcon_core.event_handler.log_command:Invoked command in '/lab1_ws/src/lab1_pkg' returned '0': PYTHONPATH=/lab1_ws/src/build/lab1_pkg/prefix_override:/lab1_ws/src/install/lab1_pkg/lib/python3.8/site-packages:${PYTHONPATH} /usr/bin/python3 setup.py egg_info --egg-base ../build/lab1_pkg build --build-base /lab1_ws/src/build/lab1_pkg/build install --record /lab1_ws/src/build/lab1_pkg/install.log --install-scripts $base/lib/lab1_pkg --single-version-externally-managed
[1.798s] Level 1:colcon.colcon_core.environment:checking '/lab1_ws/src/install/lab1_pkg' for CMake module files
[1.799s] Level 1:colcon.colcon_core.environment:checking '/lab1_ws/src/install/lab1_pkg' for CMake config files
[1.801s] Level 1:colcon.colcon_core.environment:checking '/lab1_ws/src/install/lab1_pkg/lib'
[1.801s] Level 1:colcon.colcon_core.environment:checking '/lab1_ws/src/install/lab1_pkg/bin'
[1.801s] Level 1:colcon.colcon_core.environment:checking '/lab1_ws/src/install/lab1_pkg/lib/pkgconfig/lab1_pkg.pc'
[1.802s] Level 1:colcon.colcon_core.environment:checking '/lab1_ws/src/install/lab1_pkg/lib/python3.8/site-packages'
[1.802s] Level 1:colcon.colcon_core.shell:create_environment_hook('lab1_pkg', 'pythonpath')
[1.810s] INFO:colcon.colcon_core.shell:Creating environment hook '/lab1_ws/src/install/lab1_pkg/share/lab1_pkg/hook/pythonpath.ps1'
[1.810s] INFO:colcon.colcon_core.shell:Creating environment descriptor '/lab1_ws/src/install/lab1_pkg/share/lab1_pkg/hook/pythonpath.dsv'
[1.811s] INFO:colcon.colcon_core.shell:Creating environment hook '/lab1_ws/src/install/lab1_pkg/share/lab1_pkg/hook/pythonpath.sh'
[1.811s] Level 1:colcon.colcon_core.environment:checking '/lab1_ws/src/install/lab1_pkg/bin'
[1.811s] Level 1:colcon.colcon_core.environment:create_environment_scripts_only(lab1_pkg)
[1.812s] INFO:colcon.colcon_core.shell:Creating package script '/lab1_ws/src/install/lab1_pkg/share/lab1_pkg/package.ps1'
[1.813s] INFO:colcon.colcon_core.shell:Creating package descriptor '/lab1_ws/src/install/lab1_pkg/share/lab1_pkg/package.dsv'
[1.813s] INFO:colcon.colcon_core.shell:Creating package script '/lab1_ws/src/install/lab1_pkg/share/lab1_pkg/package.sh'
[1.814s] INFO:colcon.colcon_core.shell:Creating package script '/lab1_ws/src/install/lab1_pkg/share/lab1_pkg/package.bash'
[1.815s] INFO:colcon.colcon_core.shell:Creating package script '/lab1_ws/src/install/lab1_pkg/share/lab1_pkg/package.zsh'
[1.815s] Level 1:colcon.colcon_core.environment:create_file_with_runtime_dependencies(/lab1_ws/src/install/lab1_pkg/share/colcon-core/packages/lab1_pkg)
[1.816s] DEBUG:colcon.colcon_parallel_executor.executor.parallel:closing loop
[1.816s] DEBUG:colcon.colcon_parallel_executor.executor.parallel:loop closed
[1.816s] DEBUG:colcon.colcon_parallel_executor.executor.parallel:run_until_complete finished with '0'
[1.816s] DEBUG:colcon.colcon_core.event_reactor:joining thread
[1.888s] INFO:colcon.colcon_core.plugin_system:Skipping extension 'colcon_notification.desktop_notification.notify_send': Could not find 'notify-send'
[1.889s] INFO:colcon.colcon_core.plugin_system:Skipping extension 'colcon_notification.desktop_notification.terminal_notifier': Not used on non-Darwin systems
[1.889s] INFO:colcon.colcon_core.plugin_system:Skipping extension 'colcon_notification.desktop_notification.win32': Not used on non-Windows systems
[1.889s] INFO:colcon.colcon_notification.desktop_notification:Sending desktop notification using 'notify2'
[1.889s] DEBUG:colcon.colcon_notification.desktop_notification.notify2:Failed to initialize notify2: org.freedesktop.DBus.Error.NotSupported: Unable to autolaunch a dbus-daemon without a $DISPLAY for X11
[1.889s] DEBUG:colcon.colcon_core.event_reactor:joined thread
[1.891s] INFO:colcon.colcon_core.shell:Creating prefix script '/lab1_ws/src/install/local_setup.ps1'
[1.892s] INFO:colcon.colcon_core.shell:Creating prefix util module '/lab1_ws/src/install/_local_setup_util_ps1.py'
[1.893s] INFO:colcon.colcon_core.shell:Creating prefix chain script '/lab1_ws/src/install/setup.ps1'
[1.894s] INFO:colcon.colcon_core.shell:Creating prefix script '/lab1_ws/src/install/local_setup.sh'
[1.895s] INFO:colcon.colcon_core.shell:Creating prefix util module '/lab1_ws/src/install/_local_setup_util_sh.py'
[1.896s] INFO:colcon.colcon_core.shell:Creating prefix chain script '/lab1_ws/src/install/setup.sh'
[1.897s] INFO:colcon.colcon_core.shell:Creating prefix script '/lab1_ws/src/install/local_setup.bash'
[1.897s] INFO:colcon.colcon_core.shell:Creating prefix chain script '/lab1_ws/src/install/setup.bash'
[1.899s] INFO:colcon.colcon_core.shell:Creating prefix script '/lab1_ws/src/install/local_setup.zsh'
[1.899s] INFO:colcon.colcon_core.shell:Creating prefix chain script '/lab1_ws/src/install/setup.zsh'
